
**** Build of configuration Debug for project BLDC ****

"D:\\Pro_tools\\TI_Code_Composer_Studio_CCS\\ccsv6\\utils\\bin\\gmake" -k all 
'Building file: ../tm4c123ah6pm_startup_ccs.c'
'Invoking: ARM Compiler'
"D:/Pro_tools/TI_Code_Composer_Studio_CCS/ccsv6/tools/compiler/arm_5.1.6/bin/armcl" -mv7M4 --code_state=16 --abi=eabi -me -Ooff --opt_for_speed=5 --fp_mode=strict --include_path="D:/Pro_tools/TI_Code_Composer_Studio_CCS/ccsv6/tools/compiler/arm_5.1.6/include" --include_path="H:/MyDropbox/Dropbox/PiCopter_r1/CCS_projects/TivaWare" -g --gcc --display_error_number --diag_warning=225 --diag_wrap=off --preproc_with_compile --preproc_dependency="tm4c123ah6pm_startup_ccs.pp"  "../tm4c123ah6pm_startup_ccs.c"
'Finished building: ../tm4c123ah6pm_startup_ccs.c'
' '
'Building file: ../src/shared/LED.cpp'
'Invoking: ARM Compiler'
"D:/Pro_tools/TI_Code_Composer_Studio_CCS/ccsv6/tools/compiler/arm_5.1.6/bin/armcl" -mv7M4 --code_state=16 --abi=eabi -me -Ooff --opt_for_speed=5 --fp_mode=strict --include_path="D:/Pro_tools/TI_Code_Composer_Studio_CCS/ccsv6/tools/compiler/arm_5.1.6/include" --include_path="H:/MyDropbox/Dropbox/PiCopter_r1/CCS_projects/TivaWare" -g --gcc --display_error_number --diag_warning=225 --diag_wrap=off --preproc_with_compile --preproc_dependency="src/shared/LED.pp" --obj_directory="src/shared"  "../src/shared/LED.cpp"
'Finished building: ../src/shared/LED.cpp'
' '
'Building file: ../src/shared/MessageParser.cpp'
'Invoking: ARM Compiler'
"D:/Pro_tools/TI_Code_Composer_Studio_CCS/ccsv6/tools/compiler/arm_5.1.6/bin/armcl" -mv7M4 --code_state=16 --abi=eabi -me -Ooff --opt_for_speed=5 --fp_mode=strict --include_path="D:/Pro_tools/TI_Code_Composer_Studio_CCS/ccsv6/tools/compiler/arm_5.1.6/include" --include_path="H:/MyDropbox/Dropbox/PiCopter_r1/CCS_projects/TivaWare" -g --gcc --display_error_number --diag_warning=225 --diag_wrap=off --preproc_with_compile --preproc_dependency="src/shared/MessageParser.pp" --obj_directory="src/shared"  "../src/shared/MessageParser.cpp"
'Finished building: ../src/shared/MessageParser.cpp'
' '
'Building file: ../src/shared/SPISlave.cpp'
'Invoking: ARM Compiler'
"D:/Pro_tools/TI_Code_Composer_Studio_CCS/ccsv6/tools/compiler/arm_5.1.6/bin/armcl" -mv7M4 --code_state=16 --abi=eabi -me -Ooff --opt_for_speed=5 --fp_mode=strict --include_path="D:/Pro_tools/TI_Code_Composer_Studio_CCS/ccsv6/tools/compiler/arm_5.1.6/include" --include_path="H:/MyDropbox/Dropbox/PiCopter_r1/CCS_projects/TivaWare" -g --gcc --display_error_number --diag_warning=225 --diag_wrap=off --preproc_with_compile --preproc_dependency="src/shared/SPISlave.pp" --obj_directory="src/shared"  "../src/shared/SPISlave.cpp"
'Finished building: ../src/shared/SPISlave.cpp'
' '
'Building file: ../src/Motor.cpp'
'Invoking: ARM Compiler'
"D:/Pro_tools/TI_Code_Composer_Studio_CCS/ccsv6/tools/compiler/arm_5.1.6/bin/armcl" -mv7M4 --code_state=16 --abi=eabi -me -Ooff --opt_for_speed=5 --fp_mode=strict --include_path="D:/Pro_tools/TI_Code_Composer_Studio_CCS/ccsv6/tools/compiler/arm_5.1.6/include" --include_path="H:/MyDropbox/Dropbox/PiCopter_r1/CCS_projects/TivaWare" -g --gcc --display_error_number --diag_warning=225 --diag_wrap=off --preproc_with_compile --preproc_dependency="src/Motor.pp" --obj_directory="src"  "../src/Motor.cpp"
'Finished building: ../src/Motor.cpp'
' '
'Building file: ../src/main.cpp'
'Invoking: ARM Compiler'
"D:/Pro_tools/TI_Code_Composer_Studio_CCS/ccsv6/tools/compiler/arm_5.1.6/bin/armcl" -mv7M4 --code_state=16 --abi=eabi -me -Ooff --opt_for_speed=5 --fp_mode=strict --include_path="D:/Pro_tools/TI_Code_Composer_Studio_CCS/ccsv6/tools/compiler/arm_5.1.6/include" --include_path="H:/MyDropbox/Dropbox/PiCopter_r1/CCS_projects/TivaWare" -g --gcc --display_error_number --diag_warning=225 --diag_wrap=off --preproc_with_compile --preproc_dependency="src/main.pp" --obj_directory="src"  "../src/main.cpp"
'Finished building: ../src/main.cpp'
' '
'Building file: ../src/BLDC/ADC.cpp'
'Invoking: ARM Compiler'
"D:/Pro_tools/TI_Code_Composer_Studio_CCS/ccsv6/tools/compiler/arm_5.1.6/bin/armcl" -mv7M4 --code_state=16 --abi=eabi -me -Ooff --opt_for_speed=5 --fp_mode=strict --include_path="D:/Pro_tools/TI_Code_Composer_Studio_CCS/ccsv6/tools/compiler/arm_5.1.6/include" --include_path="H:/MyDropbox/Dropbox/PiCopter_r1/CCS_projects/TivaWare" -g --gcc --display_error_number --diag_warning=225 --diag_wrap=off --preproc_with_compile --preproc_dependency="src/BLDC/ADC.pp" --obj_directory="src/BLDC"  "../src/BLDC/ADC.cpp"
'Finished building: ../src/BLDC/ADC.cpp'
' '
'Building file: ../src/BLDC/BLDC.cpp'
'Invoking: ARM Compiler'
"D:/Pro_tools/TI_Code_Composer_Studio_CCS/ccsv6/tools/compiler/arm_5.1.6/bin/armcl" -mv7M4 --code_state=16 --abi=eabi -me -Ooff --opt_for_speed=5 --fp_mode=strict --include_path="D:/Pro_tools/TI_Code_Composer_Studio_CCS/ccsv6/tools/compiler/arm_5.1.6/include" --include_path="H:/MyDropbox/Dropbox/PiCopter_r1/CCS_projects/TivaWare" -g --gcc --display_error_number --diag_warning=225 --diag_wrap=off --preproc_with_compile --preproc_dependency="src/BLDC/BLDC.pp" --obj_directory="src/BLDC"  "../src/BLDC/BLDC.cpp"
'Finished building: ../src/BLDC/BLDC.cpp'
' '
'Building file: ../src/BLDC/CommutationController.cpp'
'Invoking: ARM Compiler'
"D:/Pro_tools/TI_Code_Composer_Studio_CCS/ccsv6/tools/compiler/arm_5.1.6/bin/armcl" -mv7M4 --code_state=16 --abi=eabi -me -Ooff --opt_for_speed=5 --fp_mode=strict --include_path="D:/Pro_tools/TI_Code_Composer_Studio_CCS/ccsv6/tools/compiler/arm_5.1.6/include" --include_path="H:/MyDropbox/Dropbox/PiCopter_r1/CCS_projects/TivaWare" -g --gcc --display_error_number --diag_warning=225 --diag_wrap=off --preproc_with_compile --preproc_dependency="src/BLDC/CommutationController.pp" --obj_directory="src/BLDC"  "../src/BLDC/CommutationController.cpp"
'Finished building: ../src/BLDC/CommutationController.cpp'
' '
'Building file: ../src/BLDC/Commutator.cpp'
'Invoking: ARM Compiler'
"D:/Pro_tools/TI_Code_Composer_Studio_CCS/ccsv6/tools/compiler/arm_5.1.6/bin/armcl" -mv7M4 --code_state=16 --abi=eabi -me -Ooff --opt_for_speed=5 --fp_mode=strict --include_path="D:/Pro_tools/TI_Code_Composer_Studio_CCS/ccsv6/tools/compiler/arm_5.1.6/include" --include_path="H:/MyDropbox/Dropbox/PiCopter_r1/CCS_projects/TivaWare" -g --gcc --display_error_number --diag_warning=225 --diag_wrap=off --preproc_with_compile --preproc_dependency="src/BLDC/Commutator.pp" --obj_directory="src/BLDC"  "../src/BLDC/Commutator.cpp"
'Finished building: ../src/BLDC/Commutator.cpp'
' '
'Building file: ../src/BLDC/IIRFilter.cpp'
'Invoking: ARM Compiler'
"D:/Pro_tools/TI_Code_Composer_Studio_CCS/ccsv6/tools/compiler/arm_5.1.6/bin/armcl" -mv7M4 --code_state=16 --abi=eabi -me -Ooff --opt_for_speed=5 --fp_mode=strict --include_path="D:/Pro_tools/TI_Code_Composer_Studio_CCS/ccsv6/tools/compiler/arm_5.1.6/include" --include_path="H:/MyDropbox/Dropbox/PiCopter_r1/CCS_projects/TivaWare" -g --gcc --display_error_number --diag_warning=225 --diag_wrap=off --preproc_with_compile --preproc_dependency="src/BLDC/IIRFilter.pp" --obj_directory="src/BLDC"  "../src/BLDC/IIRFilter.cpp"
'Finished building: ../src/BLDC/IIRFilter.cpp'
' '
'Building file: ../src/BLDC/PWM.cpp'
'Invoking: ARM Compiler'
"D:/Pro_tools/TI_Code_Composer_Studio_CCS/ccsv6/tools/compiler/arm_5.1.6/bin/armcl" -mv7M4 --code_state=16 --abi=eabi -me -Ooff --opt_for_speed=5 --fp_mode=strict --include_path="D:/Pro_tools/TI_Code_Composer_Studio_CCS/ccsv6/tools/compiler/arm_5.1.6/include" --include_path="H:/MyDropbox/Dropbox/PiCopter_r1/CCS_projects/TivaWare" -g --gcc --display_error_number --diag_warning=225 --diag_wrap=off --preproc_with_compile --preproc_dependency="src/BLDC/PWM.pp" --obj_directory="src/BLDC"  "../src/BLDC/PWM.cpp"
'Finished building: ../src/BLDC/PWM.cpp'
' '
'Building file: ../src/BLDC/StartupSequencer.cpp'
'Invoking: ARM Compiler'
"D:/Pro_tools/TI_Code_Composer_Studio_CCS/ccsv6/tools/compiler/arm_5.1.6/bin/armcl" -mv7M4 --code_state=16 --abi=eabi -me -Ooff --opt_for_speed=5 --fp_mode=strict --include_path="D:/Pro_tools/TI_Code_Composer_Studio_CCS/ccsv6/tools/compiler/arm_5.1.6/include" --include_path="H:/MyDropbox/Dropbox/PiCopter_r1/CCS_projects/TivaWare" -g --gcc --display_error_number --diag_warning=225 --diag_wrap=off --preproc_with_compile --preproc_dependency="src/BLDC/StartupSequencer.pp" --obj_directory="src/BLDC"  "../src/BLDC/StartupSequencer.cpp"
'Finished building: ../src/BLDC/StartupSequencer.cpp'
' '
'Building file: ../src/BLDC/ZCDetector.cpp'
'Invoking: ARM Compiler'
"D:/Pro_tools/TI_Code_Composer_Studio_CCS/ccsv6/tools/compiler/arm_5.1.6/bin/armcl" -mv7M4 --code_state=16 --abi=eabi -me -Ooff --opt_for_speed=5 --fp_mode=strict --include_path="D:/Pro_tools/TI_Code_Composer_Studio_CCS/ccsv6/tools/compiler/arm_5.1.6/include" --include_path="H:/MyDropbox/Dropbox/PiCopter_r1/CCS_projects/TivaWare" -g --gcc --display_error_number --diag_warning=225 --diag_wrap=off --preproc_with_compile --preproc_dependency="src/BLDC/ZCDetector.pp" --obj_directory="src/BLDC"  "../src/BLDC/ZCDetector.cpp"
'Finished building: ../src/BLDC/ZCDetector.cpp'
' '
'Building target: BLDC.out'
'Invoking: ARM Linker'
"D:/Pro_tools/TI_Code_Composer_Studio_CCS/ccsv6/tools/compiler/arm_5.1.6/bin/armcl" -mv7M4 --code_state=16 --abi=eabi -me -Ooff --opt_for_speed=5 --fp_mode=strict -g --gcc --display_error_number --diag_warning=225 --diag_wrap=off -z -m"BLDC.map" --heap_size=8192 --stack_size=4096 -i"D:/Pro_tools/TI_Code_Composer_Studio_CCS/ccsv6/tools/compiler/arm_5.1.6/lib" -i"D:/Pro_tools/TI_Code_Composer_Studio_CCS/ccsv6/tools/compiler/arm_5.1.6/include" --reread_libs --warn_sections --display_error_number --diag_wrap=off --xml_link_info="BLDC_linkInfo.xml" --rom_model -o "BLDC.out"  "./tm4c123ah6pm_startup_ccs.obj" "./src/shared/LED.obj" "./src/shared/MessageParser.obj" "./src/shared/SPISlave.obj" "./src/Motor.obj" "./src/main.obj" "./src/BLDC/ADC.obj" "./src/BLDC/BLDC.obj" "./src/BLDC/CommutationController.obj" "./src/BLDC/Commutator.obj" "./src/BLDC/IIRFilter.obj" "./src/BLDC/PWM.obj" "./src/BLDC/StartupSequencer.obj" "./src/BLDC/ZCDetector.obj" "../tm4c123ah6pm.cmd" -l"libc.a" -lH:\MyDropbox\Dropbox\PiCopter_r1\CCS_projects\TivaWare\driverlib\ccs\Debug\driverlib.lib" 
<Linking>
'Finished building target: BLDC.out'
' '

**** Build Finished ****
