
**** Build of configuration Debug for project SharedLib ****

"c:\\ti\\ccsv6\\utils\\bin\\gmake" -k all 
'Building file: C:/ti/TivaWare_C_Series-2.1.0.12573/driverlib/adc.c'
'Invoking: ARM Compiler'
"c:/ti/ccsv6/tools/compiler/arm_5.1.7/bin/armcl" -mv7M4 --code_state=16 --abi=eabi -me -O4 --opt_for_speed=5 -g --include_path="c:/ti/ccsv6/tools/compiler/arm_5.1.7/include" --include_path="C:/Users/admin/Dropbox" --gcc --define=ccs="ccs" --diag_warning=225 --display_error_number --diag_wrap=off --gen_func_subsections=on --ual --preproc_with_compile --preproc_dependency="adc.pp"  "C:/ti/TivaWare_C_Series-2.1.0.12573/driverlib/adc.c"
"C:/ti/TivaWare_C_Series-2.1.0.12573/driverlib/adc.c", line 49: fatal error #1965: cannot open source file "inc/hw_adc.h"
1 catastrophic error detected in the compilation of "C:/ti/TivaWare_C_Series-2.1.0.12573/driverlib/adc.c".
Compilation terminated.

>> Compilation failure
gmake: *** [adc.obj] Error 1
'Building file: C:/ti/TivaWare_C_Series-2.1.0.12573/driverlib/aes.c'
'Invoking: ARM Compiler'
"c:/ti/ccsv6/tools/compiler/arm_5.1.7/bin/armcl" -mv7M4 --code_state=16 --abi=eabi -me -O4 --opt_for_speed=5 -g --include_path="c:/ti/ccsv6/tools/compiler/arm_5.1.7/include" --include_path="C:/Users/admin/Dropbox" --gcc --define=ccs="ccs" --diag_warning=225 --display_error_number --diag_wrap=off --gen_func_subsections=on --ual --preproc_with_compile --preproc_dependency="aes.pp"  "C:/ti/TivaWare_C_Series-2.1.0.12573/driverlib/aes.c"
"C:/ti/TivaWare_C_Series-2.1.0.12573/driverlib/aes.c", line 50: fatal error #1965: cannot open source file "inc/hw_aes.h"
1 catastrophic error detected in the compilation of "C:/ti/TivaWare_C_Series-2.1.0.12573/driverlib/aes.c".
Compilation terminated.

>> Compilation failure
gmake: *** [aes.obj] Error 1
'Building file: C:/ti/TivaWare_C_Series-2.1.0.12573/driverlib/can.c'
'Invoking: ARM Compiler'
"c:/ti/ccsv6/tools/compiler/arm_5.1.7/bin/armcl" -mv7M4 --code_state=16 --abi=eabi -me -O4 --opt_for_speed=5 -g --include_path="c:/ti/ccsv6/tools/compiler/arm_5.1.7/include" --include_path="C:/Users/admin/Dropbox" --gcc --define=ccs="ccs" --diag_warning=225 --display_error_number --diag_wrap=off --gen_func_subsections=on --ual --preproc_with_compile --preproc_dependency="can.pp"  "C:/ti/TivaWare_C_Series-2.1.0.12573/driverlib/can.c"
"C:/ti/TivaWare_C_Series-2.1.0.12573/driverlib/can.c", line 49: fatal error #1965: cannot open source file "inc/hw_can.h"
1 catastrophic error detected in the compilation of "C:/ti/TivaWare_C_Series-2.1.0.12573/driverlib/can.c".
Compilation terminated.

>> Compilation failure
gmake: *** [can.obj] Error 1
'Building file: C:/ti/TivaWare_C_Series-2.1.0.12573/driverlib/comp.c'
'Invoking: ARM Compiler'
"c:/ti/ccsv6/tools/compiler/arm_5.1.7/bin/armcl" -mv7M4 --code_state=16 --abi=eabi -me -O4 --opt_for_speed=5 -g --include_path="c:/ti/ccsv6/tools/compiler/arm_5.1.7/include" --include_path="C:/Users/admin/Dropbox" --gcc --define=ccs="ccs" --diag_warning=225 --display_error_number --diag_wrap=off --gen_func_subsections=on --ual --preproc_with_compile --preproc_dependency="comp.pp"  "C:/ti/TivaWare_C_Series-2.1.0.12573/driverlib/comp.c"
"C:/ti/TivaWare_C_Series-2.1.0.12573/driverlib/comp.c", line 49: fatal error #1965: cannot open source file "inc/hw_comp.h"
1 catastrophic error detected in the compilation of "C:/ti/TivaWare_C_Series-2.1.0.12573/driverlib/comp.c".
Compilation terminated.

>> Compilation failure
gmake: *** [comp.obj] Error 1
'Building file: C:/ti/TivaWare_C_Series-2.1.0.12573/driverlib/cpu.c'
'Invoking: ARM Compiler'
"c:/ti/ccsv6/tools/compiler/arm_5.1.7/bin/armcl" -mv7M4 --code_state=16 --abi=eabi -me -O4 --opt_for_speed=5 -g --include_path="c:/ti/ccsv6/tools/compiler/arm_5.1.7/include" --include_path="C:/Users/admin/Dropbox" --gcc --define=ccs="ccs" --diag_warning=225 --display_error_number --diag_wrap=off --gen_func_subsections=on --ual --preproc_with_compile --preproc_dependency="cpu.pp"  "C:/ti/TivaWare_C_Series-2.1.0.12573/driverlib/cpu.c"
"C:/ti/TivaWare_C_Series-2.1.0.12573/driverlib/cpu.c", line 42: fatal error #1965: cannot open source file "driverlib/cpu.h"
1 catastrophic error detected in the compilation of "C:/ti/TivaWare_C_Series-2.1.0.12573/driverlib/cpu.c".
Compilation terminated.

>> Compilation failure
gmake: *** [cpu.obj] Error 1
'Building file: C:/ti/TivaWare_C_Series-2.1.0.12573/driverlib/crc.c'
'Invoking: ARM Compiler'
"c:/ti/ccsv6/tools/compiler/arm_5.1.7/bin/armcl" -mv7M4 --code_state=16 --abi=eabi -me -O4 --opt_for_speed=5 -g --include_path="c:/ti/ccsv6/tools/compiler/arm_5.1.7/include" --include_path="C:/Users/admin/Dropbox" --gcc --define=ccs="ccs" --diag_warning=225 --display_error_number --diag_wrap=off --gen_func_subsections=on --ual --preproc_with_compile --preproc_dependency="crc.pp"  "C:/ti/TivaWare_C_Series-2.1.0.12573/driverlib/crc.c"
"C:/ti/TivaWare_C_Series-2.1.0.12573/driverlib/crc.c", line 49: fatal error #1965: cannot open source file "inc/hw_ccm.h"
1 catastrophic error detected in the compilation of "C:/ti/TivaWare_C_Series-2.1.0.12573/driverlib/crc.c".
Compilation terminated.

>> Compilation failure
gmake: *** [crc.obj] Error 1
'Building file: C:/ti/TivaWare_C_Series-2.1.0.12573/driverlib/des.c'
'Invoking: ARM Compiler'
"c:/ti/ccsv6/tools/compiler/arm_5.1.7/bin/armcl" -mv7M4 --code_state=16 --abi=eabi -me -O4 --opt_for_speed=5 -g --include_path="c:/ti/ccsv6/tools/compiler/arm_5.1.7/include" --include_path="C:/Users/admin/Dropbox" --gcc --define=ccs="ccs" --diag_warning=225 --display_error_number --diag_wrap=off --gen_func_subsections=on --ual --preproc_with_compile --preproc_dependency="des.pp"  "C:/ti/TivaWare_C_Series-2.1.0.12573/driverlib/des.c"
"C:/ti/TivaWare_C_Series-2.1.0.12573/driverlib/des.c", line 49: fatal error #1965: cannot open source file "inc/hw_des.h"
1 catastrophic error detected in the compilation of "C:/ti/TivaWare_C_Series-2.1.0.12573/driverlib/des.c".
Compilation terminated.

>> Compilation failure
gmake: *** [des.obj] Error 1
'Building file: C:/ti/TivaWare_C_Series-2.1.0.12573/driverlib/eeprom.c'
'Invoking: ARM Compiler'
"c:/ti/ccsv6/tools/compiler/arm_5.1.7/bin/armcl" -mv7M4 --code_state=16 --abi=eabi -me -O4 --opt_for_speed=5 -g --include_path="c:/ti/ccsv6/tools/compiler/arm_5.1.7/include" --include_path="C:/Users/admin/Dropbox" --gcc --define=ccs="ccs" --diag_warning=225 --display_error_number --diag_wrap=off --gen_func_subsections=on --ual --preproc_with_compile --preproc_dependency="eeprom.pp"  "C:/ti/TivaWare_C_Series-2.1.0.12573/driverlib/eeprom.c"
"C:/ti/TivaWare_C_Series-2.1.0.12573/driverlib/eeprom.c", line 42: fatal error #1965: cannot open source file "inc/hw_eeprom.h"
1 catastrophic error detected in the compilation of "C:/ti/TivaWare_C_Series-2.1.0.12573/driverlib/eeprom.c".
Compilation terminated.

>> Compilation failure
gmake: *** [eeprom.obj] Error 1
'Building file: C:/ti/TivaWare_C_Series-2.1.0.12573/driverlib/emac.c'
'Invoking: ARM Compiler'
"c:/ti/ccsv6/tools/compiler/arm_5.1.7/bin/armcl" -mv7M4 --code_state=16 --abi=eabi -me -O4 --opt_for_speed=5 -g --include_path="c:/ti/ccsv6/tools/compiler/arm_5.1.7/include" --include_path="C:/Users/admin/Dropbox" --gcc --define=ccs="ccs" --diag_warning=225 --display_error_number --diag_wrap=off --gen_func_subsections=on --ual --preproc_with_compile --preproc_dependency="emac.pp"  "C:/ti/TivaWare_C_Series-2.1.0.12573/driverlib/emac.c"
"C:/ti/TivaWare_C_Series-2.1.0.12573/driverlib/emac.c", line 50: fatal error #1965: cannot open source file "inc/hw_ints.h"

1 catastrophic error detected in the compilation of "C:/ti/TivaWare_C_Series-2.1.0.12573/driverlib/emac.c".
>> Compilation failure
Compilation terminated.
gmake: *** [emac.obj] Error 1
'Building file: C:/ti/TivaWare_C_Series-2.1.0.12573/driverlib/epi.c'
'Invoking: ARM Compiler'
"c:/ti/ccsv6/tools/compiler/arm_5.1.7/bin/armcl" -mv7M4 --code_state=16 --abi=eabi -me -O4 --opt_for_speed=5 -g --include_path="c:/ti/ccsv6/tools/compiler/arm_5.1.7/include" --include_path="C:/Users/admin/Dropbox" --gcc --define=ccs="ccs" --diag_warning=225 --display_error_number --diag_wrap=off --gen_func_subsections=on --ual --preproc_with_compile --preproc_dependency="epi.pp"  "C:/ti/TivaWare_C_Series-2.1.0.12573/driverlib/epi.c"
"C:/ti/TivaWare_C_Series-2.1.0.12573/driverlib/epi.c", line 42: fatal error #1965: cannot open source file "inc/hw_epi.h"
1 catastrophic error detected in the compilation of "C:/ti/TivaWare_C_Series-2.1.0.12573/driverlib/epi.c".
Compilation terminated.

>> Compilation failure
gmake: *** [epi.obj] Error 1
'Building file: C:/ti/TivaWare_C_Series-2.1.0.12573/driverlib/epi_workaround_ccs.s'
'Invoking: ARM Compiler'
"c:/ti/ccsv6/tools/compiler/arm_5.1.7/bin/armcl" -mv7M4 --code_state=16 --abi=eabi -me -O4 --opt_for_speed=5 -g --include_path="c:/ti/ccsv6/tools/compiler/arm_5.1.7/include" --include_path="C:/Users/admin/Dropbox" --gcc --define=ccs="ccs" --diag_warning=225 --display_error_number --diag_wrap=off --gen_func_subsections=on --ual --preproc_with_compile --preproc_dependency="epi_workaround_ccs.pp"  "C:/ti/TivaWare_C_Series-2.1.0.12573/driverlib/epi_workaround_ccs.s"
'Finished building: C:/ti/TivaWare_C_Series-2.1.0.12573/driverlib/epi_workaround_ccs.s'
' '
'Building file: C:/ti/TivaWare_C_Series-2.1.0.12573/driverlib/flash.c'
'Invoking: ARM Compiler'
"c:/ti/ccsv6/tools/compiler/arm_5.1.7/bin/armcl" -mv7M4 --code_state=16 --abi=eabi -me -O4 --opt_for_speed=5 -g --include_path="c:/ti/ccsv6/tools/compiler/arm_5.1.7/include" --include_path="C:/Users/admin/Dropbox" --gcc --define=ccs="ccs" --diag_warning=225 --display_error_number --diag_wrap=off --gen_func_subsections=on --ual --preproc_with_compile --preproc_dependency="flash.pp"  "C:/ti/TivaWare_C_Series-2.1.0.12573/driverlib/flash.c"
"C:/ti/TivaWare_C_Series-2.1.0.12573/driverlib/flash.c", line 49: fatal error #1965: cannot open source file "inc/hw_flash.h"
1 catastrophic error detected in the compilation of "C:/ti/TivaWare_C_Series-2.1.0.12573/driverlib/flash.c".
Compilation terminated.

>> Compilation failure
gmake: *** [flash.obj] Error 1
'Building file: C:/ti/TivaWare_C_Series-2.1.0.12573/driverlib/fpu.c'
'Invoking: ARM Compiler'
"c:/ti/ccsv6/tools/compiler/arm_5.1.7/bin/armcl" -mv7M4 --code_state=16 --abi=eabi -me -O4 --opt_for_speed=5 -g --include_path="c:/ti/ccsv6/tools/compiler/arm_5.1.7/include" --include_path="C:/Users/admin/Dropbox" --gcc --define=ccs="ccs" --diag_warning=225 --display_error_number --diag_wrap=off --gen_func_subsections=on --ual --preproc_with_compile --preproc_dependency="fpu.pp"  "C:/ti/TivaWare_C_Series-2.1.0.12573/driverlib/fpu.c"
"C:/ti/TivaWare_C_Series-2.1.0.12573/driverlib/fpu.c", line 49: fatal error #1965: cannot open source file "inc/hw_nvic.h"
1 catastrophic error detected in the compilation of "C:/ti/TivaWare_C_Series-2.1.0.12573/driverlib/fpu.c".
Compilation terminated.

>> Compilation failure
gmake: *** [fpu.obj] Error 1
'Building file: C:/ti/TivaWare_C_Series-2.1.0.12573/driverlib/gpio.c'
'Invoking: ARM Compiler'
"c:/ti/ccsv6/tools/compiler/arm_5.1.7/bin/armcl" -mv7M4 --code_state=16 --abi=eabi -me -O4 --opt_for_speed=5 -g --include_path="c:/ti/ccsv6/tools/compiler/arm_5.1.7/include" --include_path="C:/Users/admin/Dropbox" --gcc --define=ccs="ccs" --diag_warning=225 --display_error_number --diag_wrap=off --gen_func_subsections=on --ual --preproc_with_compile --preproc_dependency="gpio.pp"  "C:/ti/TivaWare_C_Series-2.1.0.12573/driverlib/gpio.c"
"C:/ti/TivaWare_C_Series-2.1.0.12573/driverlib/gpio.c", line 49: fatal error #1965: cannot open source file "inc/hw_gpio.h"
1 catastrophic error detected in the compilation of "C:/ti/TivaWare_C_Series-2.1.0.12573/driverlib/gpio.c".
Compilation terminated.

>> Compilation failure
gmake: *** [gpio.obj] Error 1
'Building file: C:/ti/TivaWare_C_Series-2.1.0.12573/driverlib/i2c.c'
'Invoking: ARM Compiler'
"c:/ti/ccsv6/tools/compiler/arm_5.1.7/bin/armcl" -mv7M4 --code_state=16 --abi=eabi -me -O4 --opt_for_speed=5 -g --include_path="c:/ti/ccsv6/tools/compiler/arm_5.1.7/include" --include_path="C:/Users/admin/Dropbox" --gcc --define=ccs="ccs" --diag_warning=225 --display_error_number --diag_wrap=off --gen_func_subsections=on --ual --preproc_with_compile --preproc_dependency="i2c.pp"  "C:/ti/TivaWare_C_Series-2.1.0.12573/driverlib/i2c.c"
"C:/ti/TivaWare_C_Series-2.1.0.12573/driverlib/i2c.c", line 49: fatal error #1965: cannot open source file "inc/hw_i2c.h"
1 catastrophic error detected in the compilation of "C:/ti/TivaWare_C_Series-2.1.0.12573/driverlib/i2c.c".
Compilation terminated.

>> Compilation failure
gmake: *** [i2c.obj] Error 1
'Building file: C:/ti/TivaWare_C_Series-2.1.0.12573/driverlib/interrupt.c'
'Invoking: ARM Compiler'
"c:/ti/ccsv6/tools/compiler/arm_5.1.7/bin/armcl" -mv7M4 --code_state=16 --abi=eabi -me -O4 --opt_for_speed=5 -g --include_path="c:/ti/ccsv6/tools/compiler/arm_5.1.7/include" --include_path="C:/Users/admin/Dropbox" --gcc --define=ccs="ccs" --diag_warning=225 --display_error_number --diag_wrap=off --gen_func_subsections=on --ual --preproc_with_compile --preproc_dependency="interrupt.pp"  "C:/ti/TivaWare_C_Series-2.1.0.12573/driverlib/interrupt.c"
"C:/ti/TivaWare_C_Series-2.1.0.12573/driverlib/interrupt.c", line 49: fatal error #1965: cannot open source file "inc/hw_ints.h"
1 catastrophic error detected in the compilation of "C:/ti/TivaWare_C_Series-2.1.0.12573/driverlib/interrupt.c".
Compilation terminated.

>> Compilation failure
gmake: *** [interrupt.obj] Error 1
'Building file: C:/ti/TivaWare_C_Series-2.1.0.12573/driverlib/lcd.c'
'Invoking: ARM Compiler'
"c:/ti/ccsv6/tools/compiler/arm_5.1.7/bin/armcl" -mv7M4 --code_state=16 --abi=eabi -me -O4 --opt_for_speed=5 -g --include_path="c:/ti/ccsv6/tools/compiler/arm_5.1.7/include" --include_path="C:/Users/admin/Dropbox" --gcc --define=ccs="ccs" --diag_warning=225 --display_error_number --diag_wrap=off --gen_func_subsections=on --ual --preproc_with_compile --preproc_dependency="lcd.pp"  "C:/ti/TivaWare_C_Series-2.1.0.12573/driverlib/lcd.c"
"C:/ti/TivaWare_C_Series-2.1.0.12573/driverlib/lcd.c", line 50: fatal error #1965: cannot open source file "inc/hw_memmap.h"
1 catastrophic error detected in the compilation of "C:/ti/TivaWare_C_Series-2.1.0.12573/driverlib/lcd.c".
Compilation terminated.

>> Compilation failure
gmake: *** [lcd.obj] Error 1
'Building file: C:/ti/TivaWare_C_Series-2.1.0.12573/driverlib/mpu.c'
'Invoking: ARM Compiler'
"c:/ti/ccsv6/tools/compiler/arm_5.1.7/bin/armcl" -mv7M4 --code_state=16 --abi=eabi -me -O4 --opt_for_speed=5 -g --include_path="c:/ti/ccsv6/tools/compiler/arm_5.1.7/include" --include_path="C:/Users/admin/Dropbox" --gcc --define=ccs="ccs" --diag_warning=225 --display_error_number --diag_wrap=off --gen_func_subsections=on --ual --preproc_with_compile --preproc_dependency="mpu.pp"  "C:/ti/TivaWare_C_Series-2.1.0.12573/driverlib/mpu.c"
"C:/ti/TivaWare_C_Series-2.1.0.12573/driverlib/mpu.c", line 49: fatal error #1965: cannot open source file "inc/hw_ints.h"
1 catastrophic error detected in the compilation of "C:/ti/TivaWare_C_Series-2.1.0.12573/driverlib/mpu.c".
Compilation terminated.

>> Compilation failure
gmake: *** [mpu.obj] Error 1
'Building file: C:/ti/TivaWare_C_Series-2.1.0.12573/driverlib/pwm.c'
'Invoking: ARM Compiler'
"c:/ti/ccsv6/tools/compiler/arm_5.1.7/bin/armcl" -mv7M4 --code_state=16 --abi=eabi -me -O4 --opt_for_speed=5 -g --include_path="c:/ti/ccsv6/tools/compiler/arm_5.1.7/include" --include_path="C:/Users/admin/Dropbox" --gcc --define=ccs="ccs" --diag_warning=225 --display_error_number --diag_wrap=off --gen_func_subsections=on --ual --preproc_with_compile --preproc_dependency="pwm.pp"  "C:/ti/TivaWare_C_Series-2.1.0.12573/driverlib/pwm.c"
"C:/ti/TivaWare_C_Series-2.1.0.12573/driverlib/pwm.c", line 49: fatal error #1965: cannot open source file "inc/hw_ints.h"
1 catastrophic error detected in the compilation of "C:/ti/TivaWare_C_Series-2.1.0.12573/driverlib/pwm.c".
Compilation terminated.

>> Compilation failure
gmake: *** [pwm.obj] Error 1
'Building file: C:/ti/TivaWare_C_Series-2.1.0.12573/driverlib/shamd5.c'
'Invoking: ARM Compiler'
"c:/ti/ccsv6/tools/compiler/arm_5.1.7/bin/armcl" -mv7M4 --code_state=16 --abi=eabi -me -O4 --opt_for_speed=5 -g --include_path="c:/ti/ccsv6/tools/compiler/arm_5.1.7/include" --include_path="C:/Users/admin/Dropbox" --gcc --define=ccs="ccs" --diag_warning=225 --display_error_number --diag_wrap=off --gen_func_subsections=on --ual --preproc_with_compile --preproc_dependency="shamd5.pp"  "C:/ti/TivaWare_C_Series-2.1.0.12573/driverlib/shamd5.c"
"C:/ti/TivaWare_C_Series-2.1.0.12573/driverlib/shamd5.c", line 42: fatal error #1965: cannot open source file "inc/hw_ints.h"
1 catastrophic error detected in the compilation of "C:/ti/TivaWare_C_Series-2.1.0.12573/driverlib/shamd5.c".
Compilation terminated.

>> Compilation failure
gmake: *** [shamd5.obj] Error 1
'Building file: C:/ti/TivaWare_C_Series-2.1.0.12573/driverlib/ssi.c'
'Invoking: ARM Compiler'
"c:/ti/ccsv6/tools/compiler/arm_5.1.7/bin/armcl" -mv7M4 --code_state=16 --abi=eabi -me -O4 --opt_for_speed=5 -g --include_path="c:/ti/ccsv6/tools/compiler/arm_5.1.7/include" --include_path="C:/Users/admin/Dropbox" --gcc --define=ccs="ccs" --diag_warning=225 --display_error_number --diag_wrap=off --gen_func_subsections=on --ual --preproc_with_compile --preproc_dependency="ssi.pp"  "C:/ti/TivaWare_C_Series-2.1.0.12573/driverlib/ssi.c"
"C:/ti/TivaWare_C_Series-2.1.0.12573/driverlib/ssi.c", line 49: fatal error #1965: cannot open source file "inc/hw_ints.h"
1 catastrophic error detected in the compilation of "C:/ti/TivaWare_C_Series-2.1.0.12573/driverlib/ssi.c".
Compilation terminated.

>> Compilation failure
gmake: *** [ssi.obj] Error 1
'Building file: C:/ti/TivaWare_C_Series-2.1.0.12573/driverlib/sw_crc.c'
'Invoking: ARM Compiler'
"c:/ti/ccsv6/tools/compiler/arm_5.1.7/bin/armcl" -mv7M4 --code_state=16 --abi=eabi -me -O4 --opt_for_speed=5 -g --include_path="c:/ti/ccsv6/tools/compiler/arm_5.1.7/include" --include_path="C:/Users/admin/Dropbox" --gcc --define=ccs="ccs" --diag_warning=225 --display_error_number --diag_wrap=off --gen_func_subsections=on --ual --preproc_with_compile --preproc_dependency="sw_crc.pp"  "C:/ti/TivaWare_C_Series-2.1.0.12573/driverlib/sw_crc.c"
"C:/ti/TivaWare_C_Series-2.1.0.12573/driverlib/sw_crc.c", line 48: fatal error #1965: cannot open source file "driverlib/sw_crc.h"
1 catastrophic error detected in the compilation of "C:/ti/TivaWare_C_Series-2.1.0.12573/driverlib/sw_crc.c".
Compilation terminated.

>> Compilation failure
gmake: *** [sw_crc.obj] Error 1
'Building file: C:/ti/TivaWare_C_Series-2.1.0.12573/driverlib/sysctl.c'
'Invoking: ARM Compiler'
"c:/ti/ccsv6/tools/compiler/arm_5.1.7/bin/armcl" -mv7M4 --code_state=16 --abi=eabi -me -O4 --opt_for_speed=5 -g --include_path="c:/ti/ccsv6/tools/compiler/arm_5.1.7/include" --include_path="C:/Users/admin/Dropbox" --gcc --define=ccs="ccs" --diag_warning=225 --display_error_number --diag_wrap=off --gen_func_subsections=on --ual --preproc_with_compile --preproc_dependency="sysctl.pp"  "C:/ti/TivaWare_C_Series-2.1.0.12573/driverlib/sysctl.c"
"C:/ti/TivaWare_C_Series-2.1.0.12573/driverlib/sysctl.c", line 49: fatal error #1965: cannot open source file "inc/hw_ints.h"
1 catastrophic error detected in the compilation of "C:/ti/TivaWare_C_Series-2.1.0.12573/driverlib/sysctl.c".
Compilation terminated.

>> Compilation failure
gmake: *** [sysctl.obj] Error 1
'Building file: C:/ti/TivaWare_C_Series-2.1.0.12573/driverlib/sysexc.c'
'Invoking: ARM Compiler'
"c:/ti/ccsv6/tools/compiler/arm_5.1.7/bin/armcl" -mv7M4 --code_state=16 --abi=eabi -me -O4 --opt_for_speed=5 -g --include_path="c:/ti/ccsv6/tools/compiler/arm_5.1.7/include" --include_path="C:/Users/admin/Dropbox" --gcc --define=ccs="ccs" --diag_warning=225 --display_error_number --diag_wrap=off --gen_func_subsections=on --ual --preproc_with_compile --preproc_dependency="sysexc.pp"  "C:/ti/TivaWare_C_Series-2.1.0.12573/driverlib/sysexc.c"
"C:/ti/TivaWare_C_Series-2.1.0.12573/driverlib/sysexc.c", line 49: fatal error #1965: cannot open source file "inc/hw_ints.h"
1 catastrophic error detected in the compilation of "C:/ti/TivaWare_C_Series-2.1.0.12573/driverlib/sysexc.c".
Compilation terminated.

>> Compilation failure
gmake: *** [sysexc.obj] Error 1
'Building file: C:/ti/TivaWare_C_Series-2.1.0.12573/driverlib/systick.c'
'Invoking: ARM Compiler'
"c:/ti/ccsv6/tools/compiler/arm_5.1.7/bin/armcl" -mv7M4 --code_state=16 --abi=eabi -me -O4 --opt_for_speed=5 -g --include_path="c:/ti/ccsv6/tools/compiler/arm_5.1.7/include" --include_path="C:/Users/admin/Dropbox" --gcc --define=ccs="ccs" --diag_warning=225 --display_error_number --diag_wrap=off --gen_func_subsections=on --ual --preproc_with_compile --preproc_dependency="systick.pp"  "C:/ti/TivaWare_C_Series-2.1.0.12573/driverlib/systick.c"
"C:/ti/TivaWare_C_Series-2.1.0.12573/driverlib/systick.c", line 49: fatal error #1965: cannot open source file "inc/hw_ints.h"
1 catastrophic error detected in the compilation of "C:/ti/TivaWare_C_Series-2.1.0.12573/driverlib/systick.c".
Compilation terminated.

>> Compilation failure
gmake: *** [systick.obj] Error 1
'Building file: C:/ti/TivaWare_C_Series-2.1.0.12573/driverlib/timer.c'
'Invoking: ARM Compiler'
"c:/ti/ccsv6/tools/compiler/arm_5.1.7/bin/armcl" -mv7M4 --code_state=16 --abi=eabi -me -O4 --opt_for_speed=5 -g --include_path="c:/ti/ccsv6/tools/compiler/arm_5.1.7/include" --include_path="C:/Users/admin/Dropbox" --gcc --define=ccs="ccs" --diag_warning=225 --display_error_number --diag_wrap=off --gen_func_subsections=on --ual --preproc_with_compile --preproc_dependency="timer.pp"  "C:/ti/TivaWare_C_Series-2.1.0.12573/driverlib/timer.c"
"C:/ti/TivaWare_C_Series-2.1.0.12573/driverlib/timer.c", line 49: fatal error #1965: cannot open source file "inc/hw_ints.h"
1 catastrophic error detected in the compilation of "C:/ti/TivaWare_C_Series-2.1.0.12573/driverlib/timer.c".
Compilation terminated.

>> Compilation failure
gmake: *** [timer.obj] Error 1
'Building file: C:/ti/TivaWare_C_Series-2.1.0.12573/driverlib/uart.c'
'Invoking: ARM Compiler'
"c:/ti/ccsv6/tools/compiler/arm_5.1.7/bin/armcl" -mv7M4 --code_state=16 --abi=eabi -me -O4 --opt_for_speed=5 -g --include_path="c:/ti/ccsv6/tools/compiler/arm_5.1.7/include" --include_path="C:/Users/admin/Dropbox" --gcc --define=ccs="ccs" --diag_warning=225 --display_error_number --diag_wrap=off --gen_func_subsections=on --ual --preproc_with_compile --preproc_dependency="uart.pp"  "C:/ti/TivaWare_C_Series-2.1.0.12573/driverlib/uart.c"
"C:/ti/TivaWare_C_Series-2.1.0.12573/driverlib/uart.c", line 49: fatal error #1965: cannot open source file "inc/hw_ints.h"
1 catastrophic error detected in the compilation of "C:/ti/TivaWare_C_Series-2.1.0.12573/driverlib/uart.c".
Compilation terminated.

>> Compilation failure
gmake: *** [uart.obj] Error 1
'Building file: C:/ti/TivaWare_C_Series-2.1.0.12573/driverlib/udma.c'
'Invoking: ARM Compiler'
"c:/ti/ccsv6/tools/compiler/arm_5.1.7/bin/armcl" -mv7M4 --code_state=16 --abi=eabi -me -O4 --opt_for_speed=5 -g --include_path="c:/ti/ccsv6/tools/compiler/arm_5.1.7/include" --include_path="C:/Users/admin/Dropbox" --gcc --define=ccs="ccs" --diag_warning=225 --display_error_number --diag_wrap=off --gen_func_subsections=on --ual --preproc_with_compile --preproc_dependency="udma.pp"  "C:/ti/TivaWare_C_Series-2.1.0.12573/driverlib/udma.c"
"C:/ti/TivaWare_C_Series-2.1.0.12573/driverlib/udma.c", line 49: fatal error #1965: cannot open source file "inc/hw_sysctl.h"
1 catastrophic error detected in the compilation of "C:/ti/TivaWare_C_Series-2.1.0.12573/driverlib/udma.c".
Compilation terminated.

>> Compilation failure
gmake: *** [udma.obj] Error 1
'Building file: C:/ti/TivaWare_C_Series-2.1.0.12573/driverlib/usb.c'
'Invoking: ARM Compiler'
"c:/ti/ccsv6/tools/compiler/arm_5.1.7/bin/armcl" -mv7M4 --code_state=16 --abi=eabi -me -O4 --opt_for_speed=5 -g --include_path="c:/ti/ccsv6/tools/compiler/arm_5.1.7/include" --include_path="C:/Users/admin/Dropbox" --gcc --define=ccs="ccs" --diag_warning=225 --display_error_number --diag_wrap=off --gen_func_subsections=on --ual --preproc_with_compile --preproc_dependency="usb.pp"  "C:/ti/TivaWare_C_Series-2.1.0.12573/driverlib/usb.c"
"C:/ti/TivaWare_C_Series-2.1.0.12573/driverlib/usb.c", line 49: fatal error #1965: cannot open source file "inc/hw_ints.h"
1 catastrophic error detected in the compilation of "C:/ti/TivaWare_C_Series-2.1.0.12573/driverlib/usb.c".
Compilation terminated.
gmake: *** [usb.obj] Error 1

>> Compilation failure
'Building file: C:/ti/TivaWare_C_Series-2.1.0.12573/driverlib/watchdog.c'
'Invoking: ARM Compiler'
"c:/ti/ccsv6/tools/compiler/arm_5.1.7/bin/armcl" -mv7M4 --code_state=16 --abi=eabi -me -O4 --opt_for_speed=5 -g --include_path="c:/ti/ccsv6/tools/compiler/arm_5.1.7/include" --include_path="C:/Users/admin/Dropbox" --gcc --define=ccs="ccs" --diag_warning=225 --display_error_number --diag_wrap=off --gen_func_subsections=on --ual --preproc_with_compile --preproc_dependency="watchdog.pp"  "C:/ti/TivaWare_C_Series-2.1.0.12573/driverlib/watchdog.c"
"C:/ti/TivaWare_C_Series-2.1.0.12573/driverlib/watchdog.c", line 49: fatal error #1965: cannot open source file "inc/hw_ints.h"
1 catastrophic error detected in the compilation of "C:/ti/TivaWare_C_Series-2.1.0.12573/driverlib/watchdog.c".
Compilation terminated.

>> Compilation failure
gmake: *** [watchdog.obj] Error 1
gmake: Target `all' not remade because of errors.

**** Build Finished ****
